<?xml version="1.0" encoding="UTF-8"?>
<coverage generated="1612859970870" clover="3.2.0">
  <project timestamp="1612859970870" name="All files">
    <metrics statements="12" coveredstatements="11" conditionals="4" coveredconditionals="4" methods="1" coveredmethods="1" elements="17" coveredelements="16" complexity="0" loc="12" ncloc="12" packages="1" files="1" classes="1"/>
    <file name="binary-search.ts" path="/home/ashley/javascript/ts/src/Algorithms/Searching/BinarySearch/binary-search.ts">
      <metrics statements="12" coveredstatements="11" conditionals="4" coveredconditionals="4" methods="1" coveredmethods="1"/>
      <line num="3" count="1" type="stmt"/>
      <line num="4" count="3" type="stmt"/>
      <line num="5" count="3" type="stmt"/>
      <line num="6" count="3" type="stmt"/>
      <line num="7" count="3" type="stmt"/>
      <line num="8" count="8" type="cond" truecount="2" falsecount="0"/>
      <line num="9" count="3" type="stmt"/>
      <line num="11" count="5" type="cond" truecount="2" falsecount="0"/>
      <line num="12" count="2" type="stmt"/>
      <line num="14" count="3" type="stmt"/>
      <line num="16" count="5" type="stmt"/>
      <line num="18" count="0" type="stmt"/>
    </file>
  </project>
</coverage>
