{"/home/ashley/javascript/ts/src/Algorithms/Searching/BinarySearch/binary-search.ts": {"path":"/home/ashley/javascript/ts/src/Algorithms/Searching/BinarySearch/binary-search.ts","statementMap":{"0":{"start":{"line":4,"column":16},"end":{"line":4,"column":17}},"1":{"start":{"line":5,"column":14},"end":{"line":5,"column":30}},"2":{"start":{"line":6,"column":17},"end":{"line":6,"column":46}},"3":{"start":{"line":7,"column":4},"end":{"line":17,"column":null}},"4":{"start":{"line":8,"column":8},"end":{"line":10,"column":null}},"5":{"start":{"line":9,"column":12},"end":{"line":9,"column":26}},"6":{"start":{"line":11,"column":8},"end":{"line":15,"column":null}},"7":{"start":{"line":12,"column":12},"end":{"line":12,"column":29}},"8":{"start":{"line":14,"column":12},"end":{"line":14,"column":31}},"9":{"start":{"line":16,"column":8},"end":{"line":16,"column":47}},"10":{"start":{"line":18,"column":4},"end":{"line":18,"column":14}},"11":{"start":{"line":3,"column":0},"end":{"line":3,"column":16}}},"fnMap":{"0":{"name":"binarySearch","decl":{"start":{"line":3,"column":16},"end":{"line":3,"column":28}},"loc":{"start":{"line":3,"column":39},"end":{"line":19,"column":1}}}},"branchMap":{"0":{"loc":{"start":{"line":8,"column":8},"end":{"line":10,"column":null}},"type":"if","locations":[{"start":{"line":8,"column":8},"end":{"line":10,"column":null}},{"start":{"line":8,"column":8},"end":{"line":10,"column":null}}]},"1":{"loc":{"start":{"line":11,"column":8},"end":{"line":15,"column":null}},"type":"if","locations":[{"start":{"line":11,"column":8},"end":{"line":15,"column":null}},{"start":{"line":11,"column":8},"end":{"line":15,"column":null}}]}},"s":{"0":3,"1":3,"2":3,"3":3,"4":8,"5":3,"6":5,"7":2,"8":3,"9":5,"10":0,"11":1},"f":{"0":3},"b":{"0":[3,5],"1":[2,3]}}
}
